Arguments: 
  C:\Program Files\nodejs\node.exe C:\Users\shape\AppData\Roaming\npm\node_modules\yarn\bin\yarn.js add bcrypt -S

PATH: 
  C:\Program Files (x86)\Common Files\Intel\Shared Libraries\redist\intel64_win\compiler;C:\Windows\system32;C:\Windows;C:\Windows\System32\Wbem;C:\Windows\System32\WindowsPowerShell\v1.0\;C:\Windows\System32\OpenSSH\;C:\Program Files\Git\cmd;C:\xampp\php;C:\Program Files\Java\jdk-13.0.1\bin;C:\Program Files\Java\jdk1.8.0_191\jre\bin;C:\Program Files\dotnet\;C:\Program Files\Microsoft SQL Server\130\Tools\Binn\;C:\Program Files\Microsoft SQL Server\Client SDK\ODBC\170\Tools\Binn\;E:\flutter_windows_v1.2.1-stable\flutter\bin;C:\Program Files\Dart\dart-sdk\bin;C:\Android\android-sdk\tools;C:\Android\android-sdk\platform-tools;C:\Program Files\nodejs\;C:\Python27\Scripts;C:\Python27;C:\Users\shape\AppData\Roaming\Python\Python37\Scripts;C:\Users\shape\AppData\Roaming\Python\Python37;C:\xampp\apache\bin;C:\Program Files\PuTTY\;C:\Nginx;C:\Program Files\Git\bin;C:\Program Files\nodejs;C:\nginx-1.17.6;C:\Program Files\TortoiseGit\bin;C:\Users\shape\AppData\Local\Programs\Python\Python37-32\Scripts;C:\Program Files\Intel\WiFi\bin\;C:\Program Files\Common Files\Intel\WirelessCommon\;C:\Users\shape\AppData\Local\Programs\Python\Python37-32\Scripts\;C:\Users\shape\AppData\Local\Programs\Python\Python37-32\;C:\Ruby26-x64\bin;C:\Users\shape\AppData\Local\Microsoft\WindowsApps;C:\Users\shape\AppData\Local\Programs\Microsoft VS Code\bin;C:\Program Files (x86)\Egret\Egret Wing 3\bin;E:\编程软件安装处\dataGrip\DataGrip 2019.1.4\bin;;E:\编程软件安装处\IDEA\IntelliJ IDEA 2019.1.3\bin;;E:\编程软件安装处\pycharm\PyCharm 2019.1.3\bin;;C:\Users\shape\AppData\Roaming\npm;C:\Android\android-sdk\platform-tools;C:\Program Files\Intel\WiFi\bin\;C:\Program Files\Common Files\Intel\WirelessCommon\

Yarn version: 
  1.16.0

Node version: 
  12.10.0

Platform: 
  win32 x64

Trace: 
  Error: ENOENT: no such file or directory, copyfile 'C:\Users\shape\AppData\Local\Yarn\Cache\v4\npm-ms-2.0.0-5608aeadfc00be6c2901df5f9861788de0d597c8\node_modules\ms\index.js' -> 'C:\Users\shape\Desktop\node\node_modules\mquery\node_modules\ms\index.js'

npm manifest: 
  {
    "name": "sangongchi",
    "version": "0.0.1",
    "scripts": {
      "start": "node app"
    },
    "dependencies": {
      "cookie-parser": "^1.4.4",
      "express": "^4.17.1",
      "js-cookie": "^2.2.1",
      "jsonwebtoken": "^8.5.1",
      "mongoose": "^5.9.2",
      "morgan": "^1.9.1"
    }
  }

yarn manifest: 
  No manifest

Lockfile: 
  No lockfile
